130319094856 2013-03-19 09:48:56,997 INFO CONFIGURATION - Current machine IP address: null
130319094856 2013-03-19 09:48:56,998 INFO CONFIGURATION - ---------------------- SYSTEM CONFIGURATION ----------------------
130319094857 2013-03-19 09:48:57,001 INFO CONFIGURATION - Properties: {
developer_area = 'true'
emailtest.placeid = '1'
emailtest.vgoodpromotioncodeid = '1'
emailtest.contestid = '1'
emailtest.customerid = '1'
emailtest.appid = '1'
emailtest.vgoodid = '1'
emailtest.userid = '1'
emailtest.targetuserid = '2'
emailtest.uvid_no_poi_code = '150'
emailtest.uvid_no_poi_no_code = '1289'
emailtest.uvid_poi_code = '95'
emailtest.uvid_poi_no_code = '962'
emailtest.uvadilityid = '1289'
emailtest.uvid_marketplace_price_poi = '997'
emailtest.uvid_marketplace_price_no_poi = '1'
emailtest.uvid_marketplace_no_price_no_poi = '150'
emailtest.uvid_marketplace_no_price_poi = '962'
emailserver.url = 'http://localhost:8080/email'
BannerVsVgoodRatio = '0.35'
NoPlayerSubmitScoreForNotUser = 'false'
BannerBannedList = 'MOJIVA;EJAM'
BannerRange.NEXAGE = '80'
BannerRange.MOOLAHMEDIA = '20'
fb.app_id = '95687611783'
fb.page_id = '288109507867236'
fb.api_key = '03c5087607dab5f9097f71b1efa491aa'
fb.api_secret = 'b6d0364baba679d048f106cd6f781a6a'
profile_images_path = '/Users/Willy/glassfish3/glassfish/domains/domain1/tmp'
profile_images_external_path = 'http://static.beintoo.com/images'
CONVERSION_MAX_DISTANCE_METERS = '500'
base_url = 'http://localhost:8080'
base_url_api = 'http://sandbox.beintoo.com'
cookies_path = 'http://localhost:8080'
beintoo_app_api_key = '567890123456'
beintoo_contest_invite_app_api_key = '234567890123'
prize_add_friend_bedollars = '50'
bedollars_vote = '1'
bedollars_comment = '2'
user_signup_bedollars = '100'
USE_GEONAMES = 'false'
developers_app_default_percentage = '0.60'
p3p_specs = 'CP='IDC DSP COR ADM DEVi TAIi PSA PSD IVAi IVDi CONi HIS OUR IND CNT''
admin_email = 'admin@beintoo.com'
admin_password = 'tmct1234sftp'
deal.adility_customer_id = '4'
deal.adility_percentage = '0.65'
deal.paypal_fee = '0.30'
deal.paypal_percentage = '0.039'
deal.user_discount = '0.1'
deal.user_discount_min = '1'
deal.user_discount_max = '20'
campaign.default_bedollars = '20'
VOUCHACHA_APIKEY = '688695db63f76594b3a62715c68ee1ea6d8d6c48'
campaign.tracking_landing = 'http://localhost:8080/tracking/vgood'
css_version = '1'
EMAIL_SERVER_IPADDRESS = '127.0.0.1'
minimum.sponsored_achievement_cpu = '0.35'
minimum.sponsored_achievement_cpe = '0.25'
minimum.sponsored_achievement_budget = '150'
minimum.campaign_cpd = '0.1'
minimum.campaign_cpua = '0.25'
minimum.campaign_cpl = '0.51'
minimum.campaign_cpaa = '5.00'
minimum.vgoodpromotioncodes_number = '10'
static.https_url = 'https://s3-eu-west-1.amazonaws.com/static.beintoo.com/'
static.http_url = 'http://static.beintoo.com/'
connect.exclude_china = 'true'
retailer.supported_countries = 'IT'
VGOODS_IT = '[1050976, 1169138]'
VGOODS_GB = '[1169225, 873294, 23221]'
VGOODS_US = '[1147057, 1147041, 1149722]'
getMembasePoolURI = 'http://localhost:8091/pools'
}
130319094857 2013-03-19 09:48:57,002 INFO CONFIGURATION - DEVELOPER_AREA: true
130319094857 2013-03-19 09:48:57,002 INFO CONFIGURATION - FB_APP_ID: 95687611783
130319094857 2013-03-19 09:48:57,002 INFO CONFIGURATION - FB_API_KEY: 03c5087607dab5f9097f71b1efa491aa
130319094857 2013-03-19 09:48:57,002 INFO CONFIGURATION - FB_API_SECRET: b6d0364baba679d048f106cd6f781a6a
130319094857 2013-03-19 09:48:57,002 INFO CONFIGURATION - FB_FEED_DELAY: 3600000
130319094857 2013-03-19 09:48:57,002 INFO CONFIGURATION - ACTIVITY_DELIVERY: true
130319094857 2013-03-19 09:48:57,002 INFO CONFIGURATION - MAIL_DELAY: 86400000
130319094857 2013-03-19 09:48:57,002 INFO CONFIGURATION - GENERATED_IMAGES_PATH: /Users/Willy/glassfish3/glassfish/domains/domain1/tmp
130319094857 2013-03-19 09:48:57,003 INFO CONFIGURATION - GENERATED_IMAGES_EXTERNAL_PATH: http://static.beintoo.com/images
130319094857 2013-03-19 09:48:57,003 INFO CONFIGURATION - BASE_URL: http://localhost:8080
130319094857 2013-03-19 09:48:57,003 INFO CONFIGURATION - BASE_URL_API: http://sandbox.beintoo.com
130319094857 2013-03-19 09:48:57,003 INFO CONFIGURATION - BEINTOO_APP_API_KEY: 567890123456
130319094857 2013-03-19 09:48:57,003 INFO CONFIGURATION - BEINTOO_CONTEST_INVITE_APP_API_KEY: 234567890123
130319094857 2013-03-19 09:48:57,003 INFO CONFIGURATION - APP_DEFAULT_PERCENTAGE: 0.6
130319094857 2013-03-19 09:48:57,004 INFO CONFIGURATION - PRIZE_ADD_FRIEND_BEDOLLARS: 50
130319094857 2013-03-19 09:48:57,004 INFO CONFIGURATION - BEDOLLARS_VOTE: 1
130319094857 2013-03-19 09:48:57,004 INFO CONFIGURATION - BEDOLLARS_COMMENT: 2
130319095555 2013-03-19 09:55:55,102 INFO CONFIGURATION - Current machine IP address: null
130319095555 2013-03-19 09:55:55,102 INFO CONFIGURATION - ---------------------- SYSTEM CONFIGURATION ----------------------
130319095555 2013-03-19 09:55:55,105 INFO CONFIGURATION - Properties: {
developer_area = 'true'
emailtest.placeid = '1'
emailtest.vgoodpromotioncodeid = '1'
emailtest.contestid = '1'
emailtest.customerid = '1'
emailtest.appid = '1'
emailtest.vgoodid = '1'
emailtest.userid = '1'
emailtest.targetuserid = '2'
emailtest.uvid_no_poi_code = '150'
emailtest.uvid_no_poi_no_code = '1289'
emailtest.uvid_poi_code = '95'
emailtest.uvid_poi_no_code = '962'
emailtest.uvadilityid = '1289'
emailtest.uvid_marketplace_price_poi = '997'
emailtest.uvid_marketplace_price_no_poi = '1'
emailtest.uvid_marketplace_no_price_no_poi = '150'
emailtest.uvid_marketplace_no_price_poi = '962'
emailserver.url = 'http://localhost:8080/email'
BannerVsVgoodRatio = '0.35'
NoPlayerSubmitScoreForNotUser = 'false'
BannerBannedList = 'MOJIVA;EJAM'
BannerRange.NEXAGE = '80'
BannerRange.MOOLAHMEDIA = '20'
fb.app_id = '95687611783'
fb.page_id = '288109507867236'
fb.api_key = '03c5087607dab5f9097f71b1efa491aa'
fb.api_secret = 'b6d0364baba679d048f106cd6f781a6a'
profile_images_path = '/Users/Willy/glassfish3/glassfish/domains/domain1/tmp'
profile_images_external_path = 'http://static.beintoo.com/images'
CONVERSION_MAX_DISTANCE_METERS = '500'
base_url = 'http://localhost:8080'
base_url_api = 'http://sandbox.beintoo.com'
cookies_path = 'http://localhost:8080'
beintoo_app_api_key = '567890123456'
beintoo_contest_invite_app_api_key = '234567890123'
prize_add_friend_bedollars = '50'
bedollars_vote = '1'
bedollars_comment = '2'
user_signup_bedollars = '100'
USE_GEONAMES = 'false'
developers_app_default_percentage = '0.60'
p3p_specs = 'CP='IDC DSP COR ADM DEVi TAIi PSA PSD IVAi IVDi CONi HIS OUR IND CNT''
admin_email = 'admin@beintoo.com'
admin_password = 'tmct1234sftp'
deal.adility_customer_id = '4'
deal.adility_percentage = '0.65'
deal.paypal_fee = '0.30'
deal.paypal_percentage = '0.039'
deal.user_discount = '0.1'
deal.user_discount_min = '1'
deal.user_discount_max = '20'
campaign.default_bedollars = '20'
VOUCHACHA_APIKEY = '688695db63f76594b3a62715c68ee1ea6d8d6c48'
campaign.tracking_landing = 'http://localhost:8080/tracking/vgood'
css_version = '1'
EMAIL_SERVER_IPADDRESS = '127.0.0.1'
minimum.sponsored_achievement_cpu = '0.35'
minimum.sponsored_achievement_cpe = '0.25'
minimum.sponsored_achievement_budget = '150'
minimum.campaign_cpd = '0.1'
minimum.campaign_cpua = '0.25'
minimum.campaign_cpl = '0.51'
minimum.campaign_cpaa = '5.00'
minimum.vgoodpromotioncodes_number = '10'
static.https_url = 'https://s3-eu-west-1.amazonaws.com/static.beintoo.com/'
static.http_url = 'http://static.beintoo.com/'
connect.exclude_china = 'true'
retailer.supported_countries = 'IT'
VGOODS_IT = '[1050976, 1169138]'
VGOODS_GB = '[1169225, 873294, 23221]'
VGOODS_US = '[1147057, 1147041, 1149722]'
getMembasePoolURI = 'http://localhost:8091/pools'
}
130319095555 2013-03-19 09:55:55,105 INFO CONFIGURATION - DEVELOPER_AREA: true
130319095555 2013-03-19 09:55:55,105 INFO CONFIGURATION - FB_APP_ID: 95687611783
130319095555 2013-03-19 09:55:55,105 INFO CONFIGURATION - FB_API_KEY: 03c5087607dab5f9097f71b1efa491aa
130319095555 2013-03-19 09:55:55,105 INFO CONFIGURATION - FB_API_SECRET: b6d0364baba679d048f106cd6f781a6a
130319095555 2013-03-19 09:55:55,105 INFO CONFIGURATION - FB_FEED_DELAY: 3600000
130319095555 2013-03-19 09:55:55,106 INFO CONFIGURATION - ACTIVITY_DELIVERY: true
130319095555 2013-03-19 09:55:55,106 INFO CONFIGURATION - MAIL_DELAY: 86400000
130319095555 2013-03-19 09:55:55,106 INFO CONFIGURATION - GENERATED_IMAGES_PATH: /Users/Willy/glassfish3/glassfish/domains/domain1/tmp
130319095555 2013-03-19 09:55:55,106 INFO CONFIGURATION - GENERATED_IMAGES_EXTERNAL_PATH: http://static.beintoo.com/images
130319095555 2013-03-19 09:55:55,106 INFO CONFIGURATION - BASE_URL: http://localhost:8080
130319095555 2013-03-19 09:55:55,106 INFO CONFIGURATION - BASE_URL_API: http://sandbox.beintoo.com
130319095555 2013-03-19 09:55:55,106 INFO CONFIGURATION - BEINTOO_APP_API_KEY: 567890123456
130319095555 2013-03-19 09:55:55,107 INFO CONFIGURATION - BEINTOO_CONTEST_INVITE_APP_API_KEY: 234567890123
130319095555 2013-03-19 09:55:55,107 INFO CONFIGURATION - APP_DEFAULT_PERCENTAGE: 0.6
130319095555 2013-03-19 09:55:55,107 INFO CONFIGURATION - PRIZE_ADD_FRIEND_BEDOLLARS: 50
130319095555 2013-03-19 09:55:55,107 INFO CONFIGURATION - BEDOLLARS_VOTE: 1
130319095555 2013-03-19 09:55:55,108 INFO CONFIGURATION - BEDOLLARS_COMMENT: 2
130319100012 2013-03-19 10:00:12,815 INFO CONFIGURATION - Current machine IP address: null
130319100012 2013-03-19 10:00:12,815 INFO CONFIGURATION - ---------------------- SYSTEM CONFIGURATION ----------------------
130319100012 2013-03-19 10:00:12,817 INFO CONFIGURATION - Properties: {
developer_area = 'true'
emailtest.placeid = '1'
emailtest.vgoodpromotioncodeid = '1'
emailtest.contestid = '1'
emailtest.customerid = '1'
emailtest.appid = '1'
emailtest.vgoodid = '1'
emailtest.userid = '1'
emailtest.targetuserid = '2'
emailtest.uvid_no_poi_code = '150'
emailtest.uvid_no_poi_no_code = '1289'
emailtest.uvid_poi_code = '95'
emailtest.uvid_poi_no_code = '962'
emailtest.uvadilityid = '1289'
emailtest.uvid_marketplace_price_poi = '997'
emailtest.uvid_marketplace_price_no_poi = '1'
emailtest.uvid_marketplace_no_price_no_poi = '150'
emailtest.uvid_marketplace_no_price_poi = '962'
emailserver.url = 'http://localhost:8080/email'
BannerVsVgoodRatio = '0.35'
NoPlayerSubmitScoreForNotUser = 'false'
BannerBannedList = 'MOJIVA;EJAM'
BannerRange.NEXAGE = '80'
BannerRange.MOOLAHMEDIA = '20'
fb.app_id = '95687611783'
fb.page_id = '288109507867236'
fb.api_key = '03c5087607dab5f9097f71b1efa491aa'
fb.api_secret = 'b6d0364baba679d048f106cd6f781a6a'
profile_images_path = '/Users/Willy/glassfish3/glassfish/domains/domain1/tmp'
profile_images_external_path = 'http://static.beintoo.com/images'
CONVERSION_MAX_DISTANCE_METERS = '500'
base_url = 'http://localhost:8080'
base_url_api = 'http://sandbox.beintoo.com'
cookies_path = 'http://localhost:8080'
beintoo_app_api_key = '567890123456'
beintoo_contest_invite_app_api_key = '234567890123'
prize_add_friend_bedollars = '50'
bedollars_vote = '1'
bedollars_comment = '2'
user_signup_bedollars = '100'
USE_GEONAMES = 'false'
developers_app_default_percentage = '0.60'
p3p_specs = 'CP='IDC DSP COR ADM DEVi TAIi PSA PSD IVAi IVDi CONi HIS OUR IND CNT''
admin_email = 'admin@beintoo.com'
admin_password = 'tmct1234sftp'
deal.adility_customer_id = '4'
deal.adility_percentage = '0.65'
deal.paypal_fee = '0.30'
deal.paypal_percentage = '0.039'
deal.user_discount = '0.1'
deal.user_discount_min = '1'
deal.user_discount_max = '20'
campaign.default_bedollars = '20'
VOUCHACHA_APIKEY = '688695db63f76594b3a62715c68ee1ea6d8d6c48'
campaign.tracking_landing = 'http://localhost:8080/tracking/vgood'
css_version = '1'
EMAIL_SERVER_IPADDRESS = '127.0.0.1'
minimum.sponsored_achievement_cpu = '0.35'
minimum.sponsored_achievement_cpe = '0.25'
minimum.sponsored_achievement_budget = '150'
minimum.campaign_cpd = '0.1'
minimum.campaign_cpua = '0.25'
minimum.campaign_cpl = '0.51'
minimum.campaign_cpaa = '5.00'
minimum.vgoodpromotioncodes_number = '10'
static.https_url = 'https://s3-eu-west-1.amazonaws.com/static.beintoo.com/'
static.http_url = 'http://static.beintoo.com/'
connect.exclude_china = 'true'
retailer.supported_countries = 'IT'
VGOODS_IT = '[1050976, 1169138]'
VGOODS_GB = '[1169225, 873294, 23221]'
VGOODS_US = '[1147057, 1147041, 1149722]'
getMembasePoolURI = 'http://localhost:8091/pools'
}
130319100012 2013-03-19 10:00:12,818 INFO CONFIGURATION - DEVELOPER_AREA: true
130319100012 2013-03-19 10:00:12,818 INFO CONFIGURATION - FB_APP_ID: 95687611783
130319100012 2013-03-19 10:00:12,818 INFO CONFIGURATION - FB_API_KEY: 03c5087607dab5f9097f71b1efa491aa
130319100012 2013-03-19 10:00:12,818 INFO CONFIGURATION - FB_API_SECRET: b6d0364baba679d048f106cd6f781a6a
130319100012 2013-03-19 10:00:12,818 INFO CONFIGURATION - FB_FEED_DELAY: 3600000
130319100012 2013-03-19 10:00:12,818 INFO CONFIGURATION - ACTIVITY_DELIVERY: true
130319100012 2013-03-19 10:00:12,818 INFO CONFIGURATION - MAIL_DELAY: 86400000
130319100012 2013-03-19 10:00:12,818 INFO CONFIGURATION - GENERATED_IMAGES_PATH: /Users/Willy/glassfish3/glassfish/domains/domain1/tmp
130319100012 2013-03-19 10:00:12,819 INFO CONFIGURATION - GENERATED_IMAGES_EXTERNAL_PATH: http://static.beintoo.com/images
130319100012 2013-03-19 10:00:12,819 INFO CONFIGURATION - BASE_URL: http://localhost:8080
130319100012 2013-03-19 10:00:12,819 INFO CONFIGURATION - BASE_URL_API: http://sandbox.beintoo.com
130319100012 2013-03-19 10:00:12,819 INFO CONFIGURATION - BEINTOO_APP_API_KEY: 567890123456
130319100012 2013-03-19 10:00:12,819 INFO CONFIGURATION - BEINTOO_CONTEST_INVITE_APP_API_KEY: 234567890123
130319100012 2013-03-19 10:00:12,819 INFO CONFIGURATION - APP_DEFAULT_PERCENTAGE: 0.6
130319100012 2013-03-19 10:00:12,820 INFO CONFIGURATION - PRIZE_ADD_FRIEND_BEDOLLARS: 50
130319100012 2013-03-19 10:00:12,820 INFO CONFIGURATION - BEDOLLARS_VOTE: 1
130319100012 2013-03-19 10:00:12,820 INFO CONFIGURATION - BEDOLLARS_COMMENT: 2
