131023105742 2013-10-23 10:57:42,777 INFO CRON -  UNLOCKING SAILOR_I (l6AK3ZGwiHIOZazJDuTMxP5lSccY7onGPV7x138v) for zhnTXh/yA+8We7bCxP659CWNjoQU7dDZmlcMTJ4WeJ8=
131023105748 2013-10-23 10:57:48,518 INFO CRON -  UNLOCKING SAILOR_I (l6AK3ZGwiHIOZazJDuTMxP5lSccY7onGPV7x138v) for TnaiXtJl+QvvNKxbjSnRCCWNjoQU7dDZmlcMTJ4WeJ8=
131023105751 2013-10-23 10:57:51,811 INFO CRON -  UNLOCKING SAILOR_I (l6AK3ZGwiHIOZazJDuTMxP5lSccY7onGPV7x138v) for wRYl1CbzR1IPIc4/xzRRHiWNjoQU7dDZmlcMTJ4WeJ8=
131023105754 2013-10-23 10:57:54,872 INFO CRON -  UNLOCKING SAILOR_I (l6AK3ZGwiHIOZazJDuTMxP5lSccY7onGPV7x138v) for ZsgipWnDUHpYYHAeo8UrVCWNjoQU7dDZmlcMTJ4WeJ8=
131023105758 2013-10-23 10:57:58,069 INFO CRON -  UNLOCKING SAILOR_I (l6AK3ZGwiHIOZazJDuTMxP5lSccY7onGPV7x138v) for WMxwVNAwcZP538XObM14ayWNjoQU7dDZmlcMTJ4WeJ8=
131023105801 2013-10-23 10:58:01,503 INFO CRON -  UNLOCKING SAILOR_I (l6AK3ZGwiHIOZazJDuTMxP5lSccY7onGPV7x138v) for jCczjCOIA3ANt1GmCkWAlSWNjoQU7dDZmlcMTJ4WeJ8=
131023105804 2013-10-23 10:58:04,974 INFO CRON -  UNLOCKING SAILOR_I (l6AK3ZGwiHIOZazJDuTMxP5lSccY7onGPV7x138v) for KFX70e57qMaP6+2+usSt7CWNjoQU7dDZmlcMTJ4WeJ8=
131023105808 2013-10-23 10:58:08,174 INFO CRON -  UNLOCKING SAILOR_I (l6AK3ZGwiHIOZazJDuTMxP5lSccY7onGPV7x138v) for 17leDCDWGqiZSRiAyS5OqSWNjoQU7dDZmlcMTJ4WeJ8=
131023105811 2013-10-23 10:58:11,394 INFO CRON -  UNLOCKING SAILOR_I (l6AK3ZGwiHIOZazJDuTMxP5lSccY7onGPV7x138v) for /KWeBgzAXi7UZTd46ILqASWNjoQU7dDZmlcMTJ4WeJ8=
131023105814 2013-10-23 10:58:14,502 INFO CRON -  UNLOCKING SAILOR_I (l6AK3ZGwiHIOZazJDuTMxP5lSccY7onGPV7x138v) for Dzoi+ccNrW4PD7ZSJBqszyWNjoQU7dDZmlcMTJ4WeJ8=
131023105817 2013-10-23 10:58:17,589 INFO CRON -  UNLOCKING SAILOR_I (l6AK3ZGwiHIOZazJDuTMxP5lSccY7onGPV7x138v) for Yy/SRxea65XEs2/PoWV8bCWNjoQU7dDZmlcMTJ4WeJ8=
131023105820 2013-10-23 10:58:20,783 INFO CRON -  UNLOCKING SAILOR_I (l6AK3ZGwiHIOZazJDuTMxP5lSccY7onGPV7x138v) for eDpghqEBdtRPgYjXpQhzjiWNjoQU7dDZmlcMTJ4WeJ8=
131023105823 2013-10-23 10:58:23,796 INFO CRON -  UNLOCKING SAILOR_I (l6AK3ZGwiHIOZazJDuTMxP5lSccY7onGPV7x138v) for RHzJudJULuzPukIqvbTibCWNjoQU7dDZmlcMTJ4WeJ8=
131023105826 2013-10-23 10:58:26,756 INFO CRON -  UNLOCKING SAILOR_I (l6AK3ZGwiHIOZazJDuTMxP5lSccY7onGPV7x138v) for S2gnQbMKyIUbEFo/wQVKiCWNjoQU7dDZmlcMTJ4WeJ8=
131023105830 2013-10-23 10:58:30,013 INFO CRON -  UNLOCKING SAILOR_I (l6AK3ZGwiHIOZazJDuTMxP5lSccY7onGPV7x138v) for UvnZOo645T31fzSbAig2+yWNjoQU7dDZmlcMTJ4WeJ8=
131023105833 2013-10-23 10:58:33,233 INFO CRON -  UNLOCKING SAILOR_I (l6AK3ZGwiHIOZazJDuTMxP5lSccY7onGPV7x138v) for vr9N+wLyQsO5isNK9sxrwCWNjoQU7dDZmlcMTJ4WeJ8=
131023105836 2013-10-23 10:58:36,882 INFO CRON -  UNLOCKING SAILOR_I (l6AK3ZGwiHIOZazJDuTMxP5lSccY7onGPV7x138v) for h4toLkiu5HgKwswUvAOFRiWNjoQU7dDZmlcMTJ4WeJ8=
131023105840 2013-10-23 10:58:40,008 INFO CRON -  UNLOCKING SAILOR_I (l6AK3ZGwiHIOZazJDuTMxP5lSccY7onGPV7x138v) for ZlGZuSD6kUoYy0905J4gOSWNjoQU7dDZmlcMTJ4WeJ8=
131023105843 2013-10-23 10:58:43,731 INFO CRON -  UNLOCKING SAILOR_I (l6AK3ZGwiHIOZazJDuTMxP5lSccY7onGPV7x138v) for cooAqTrRBr1XRWTS5CtSViWNjoQU7dDZmlcMTJ4WeJ8=
131023105847 2013-10-23 10:58:47,501 INFO CRON -  UNLOCKING SAILOR_I (l6AK3ZGwiHIOZazJDuTMxP5lSccY7onGPV7x138v) for PORZ/wnUlqn8KS0yNypwMSWNjoQU7dDZmlcMTJ4WeJ8=
131023105851 2013-10-23 10:58:51,563 INFO CRON -  UNLOCKING SAILOR_I (l6AK3ZGwiHIOZazJDuTMxP5lSccY7onGPV7x138v) for mcQt8wuXb9cn6Vn4CMvsgyWNjoQU7dDZmlcMTJ4WeJ8=
131023105854 2013-10-23 10:58:54,382 INFO CRON -  UNLOCKING SAILOR_I (l6AK3ZGwiHIOZazJDuTMxP5lSccY7onGPV7x138v) for H6+srQlEdIdGtytVDIcn3iWNjoQU7dDZmlcMTJ4WeJ8=
131023105857 2013-10-23 10:58:57,192 INFO CRON -  UNLOCKING SAILOR_I (l6AK3ZGwiHIOZazJDuTMxP5lSccY7onGPV7x138v) for MX3p1Y9x9jzTN7rlMvmPCyWNjoQU7dDZmlcMTJ4WeJ8=
131023105900 2013-10-23 10:59:00,156 INFO CRON -  UNLOCKING SAILOR_I (l6AK3ZGwiHIOZazJDuTMxP5lSccY7onGPV7x138v) for 1G6g68M+cQ8BkXDllfNPlyWNjoQU7dDZmlcMTJ4WeJ8=
131023105903 2013-10-23 10:59:03,291 INFO CRON -  UNLOCKING SAILOR_I (l6AK3ZGwiHIOZazJDuTMxP5lSccY7onGPV7x138v) for 2mHCsV3lSTRWCalHDTfrLCWNjoQU7dDZmlcMTJ4WeJ8=
131023105906 2013-10-23 10:59:06,134 INFO CRON -  UNLOCKING SAILOR_I (l6AK3ZGwiHIOZazJDuTMxP5lSccY7onGPV7x138v) for M3Wm7bhW6AWveObVREKgNiWNjoQU7dDZmlcMTJ4WeJ8=
131023105908 2013-10-23 10:59:08,938 INFO CRON -  UNLOCKING SAILOR_I (l6AK3ZGwiHIOZazJDuTMxP5lSccY7onGPV7x138v) for bGitQ3+gxekwg8QFxKdi4CWNjoQU7dDZmlcMTJ4WeJ8=
131023105911 2013-10-23 10:59:11,749 INFO CRON -  UNLOCKING SAILOR_I (l6AK3ZGwiHIOZazJDuTMxP5lSccY7onGPV7x138v) for zlKVFctNg34VU1vdqfnG9CWNjoQU7dDZmlcMTJ4WeJ8=
131023105914 2013-10-23 10:59:14,576 INFO CRON -  UNLOCKING SAILOR_I (l6AK3ZGwiHIOZazJDuTMxP5lSccY7onGPV7x138v) for OEc++CJEx2D5948WZvseMiWNjoQU7dDZmlcMTJ4WeJ8=
131023105917 2013-10-23 10:59:17,441 INFO CRON -  UNLOCKING SAILOR_I (l6AK3ZGwiHIOZazJDuTMxP5lSccY7onGPV7x138v) for oGasC8/ww0fLI++h8u46ViWNjoQU7dDZmlcMTJ4WeJ8=
131023105920 2013-10-23 10:59:20,240 INFO CRON -  UNLOCKING SAILOR_I (l6AK3ZGwiHIOZazJDuTMxP5lSccY7onGPV7x138v) for SMEjpfDq7veCPSW+C56XKiWNjoQU7dDZmlcMTJ4WeJ8=
131023105923 2013-10-23 10:59:23,047 INFO CRON -  UNLOCKING SAILOR_I (l6AK3ZGwiHIOZazJDuTMxP5lSccY7onGPV7x138v) for TlfU7+17HLP7kpccNcqLoCWNjoQU7dDZmlcMTJ4WeJ8=
131023105925 2013-10-23 10:59:25,885 INFO CRON -  UNLOCKING SAILOR_I (l6AK3ZGwiHIOZazJDuTMxP5lSccY7onGPV7x138v) for Foj/opjQN4fsS+5IzzG7cyWNjoQU7dDZmlcMTJ4WeJ8=
131023105928 2013-10-23 10:59:28,748 INFO CRON -  UNLOCKING SAILOR_I (l6AK3ZGwiHIOZazJDuTMxP5lSccY7onGPV7x138v) for OKYIbbkeIgracXIzGZSCXyWNjoQU7dDZmlcMTJ4WeJ8=
131023105931 2013-10-23 10:59:31,547 INFO CRON -  UNLOCKING SAILOR_I (l6AK3ZGwiHIOZazJDuTMxP5lSccY7onGPV7x138v) for etHv51VZ7oWE/D5KkT8eoyWNjoQU7dDZmlcMTJ4WeJ8=
131023105934 2013-10-23 10:59:34,587 INFO CRON -  UNLOCKING SAILOR_I (l6AK3ZGwiHIOZazJDuTMxP5lSccY7onGPV7x138v) for e1CgTp14Z28QSxdsZtRmiSWNjoQU7dDZmlcMTJ4WeJ8=
131023105937 2013-10-23 10:59:37,906 INFO CRON -  UNLOCKING SAILOR_I (l6AK3ZGwiHIOZazJDuTMxP5lSccY7onGPV7x138v) for XwxRfJSnncl4KC5diPk1ASWNjoQU7dDZmlcMTJ4WeJ8=
131023105940 2013-10-23 10:59:40,883 INFO CRON -  UNLOCKING SAILOR_I (l6AK3ZGwiHIOZazJDuTMxP5lSccY7onGPV7x138v) for IVoXw1Rl2Wk7lDajJhlbVCWNjoQU7dDZmlcMTJ4WeJ8=
131023105943 2013-10-23 10:59:43,690 INFO CRON -  UNLOCKING SAILOR_I (l6AK3ZGwiHIOZazJDuTMxP5lSccY7onGPV7x138v) for BEexv+jLJcse1kV9n0xf3iWNjoQU7dDZmlcMTJ4WeJ8=
131023105946 2013-10-23 10:59:46,497 INFO CRON -  UNLOCKING SAILOR_I (l6AK3ZGwiHIOZazJDuTMxP5lSccY7onGPV7x138v) for S4TWzACpI3kkSAOWqh6FeCWNjoQU7dDZmlcMTJ4WeJ8=
131023105949 2013-10-23 10:59:49,294 INFO CRON -  UNLOCKING SAILOR_I (l6AK3ZGwiHIOZazJDuTMxP5lSccY7onGPV7x138v) for 30ob3zTexwv7LhA/G/sJoiWNjoQU7dDZmlcMTJ4WeJ8=
131023105952 2013-10-23 10:59:52,108 INFO CRON -  UNLOCKING SAILOR_I (l6AK3ZGwiHIOZazJDuTMxP5lSccY7onGPV7x138v) for WA26zJrNjhcExQPKiNhuMyWNjoQU7dDZmlcMTJ4WeJ8=
131023105954 2013-10-23 10:59:54,938 INFO CRON -  UNLOCKING SAILOR_I (l6AK3ZGwiHIOZazJDuTMxP5lSccY7onGPV7x138v) for tErnLtftP531jl6gFn5RXiWNjoQU7dDZmlcMTJ4WeJ8=
131023105958 2013-10-23 10:59:58,041 INFO CRON -  UNLOCKING SAILOR_I (l6AK3ZGwiHIOZazJDuTMxP5lSccY7onGPV7x138v) for zbe4WmJXejkTn5QziPGsySWNjoQU7dDZmlcMTJ4WeJ8=
131023110001 2013-10-23 11:00:01,001 INFO CRON -  UNLOCKING SAILOR_I (l6AK3ZGwiHIOZazJDuTMxP5lSccY7onGPV7x138v) for vjY/z4H56htromTPmgZOECWNjoQU7dDZmlcMTJ4WeJ8=
131023110003 2013-10-23 11:00:03,806 INFO CRON -  UNLOCKING SAILOR_I (l6AK3ZGwiHIOZazJDuTMxP5lSccY7onGPV7x138v) for ZpNN894xSZYfCpL4Qu8OLSWNjoQU7dDZmlcMTJ4WeJ8=
131023110006 2013-10-23 11:00:06,617 INFO CRON -  UNLOCKING SAILOR_I (l6AK3ZGwiHIOZazJDuTMxP5lSccY7onGPV7x138v) for pKvlPevPU4wnf3+XQy/M6CWNjoQU7dDZmlcMTJ4WeJ8=
131023110006 2013-10-23 11:00:06,727 INFO CRON -  UNLOCKING SAILOR_I (l6AK3ZGwiHIOZazJDuTMxP5lSccY7onGPV7x138v) for zhnTXh/yA+8We7bCxP659CWNjoQU7dDZmlcMTJ4WeJ8=
131023110009 2013-10-23 11:00:09,431 INFO CRON -  UNLOCKING SAILOR_I (l6AK3ZGwiHIOZazJDuTMxP5lSccY7onGPV7x138v) for a/FVCUexAFTblVT2XFPRbiWNjoQU7dDZmlcMTJ4WeJ8=
131023110011 2013-10-23 11:00:11,531 INFO CRON -  UNLOCKING SAILOR_I (l6AK3ZGwiHIOZazJDuTMxP5lSccY7onGPV7x138v) for TnaiXtJl+QvvNKxbjSnRCCWNjoQU7dDZmlcMTJ4WeJ8=
131023110012 2013-10-23 11:00:12,241 INFO CRON -  UNLOCKING SAILOR_I (l6AK3ZGwiHIOZazJDuTMxP5lSccY7onGPV7x138v) for 8IfgiiwF9K9EaInpGSH7kiWNjoQU7dDZmlcMTJ4WeJ8=
131023110015 2013-10-23 11:00:15,001 INFO CRON -  UNLOCKING SAILOR_I (l6AK3ZGwiHIOZazJDuTMxP5lSccY7onGPV7x138v) for wRYl1CbzR1IPIc4/xzRRHiWNjoQU7dDZmlcMTJ4WeJ8=
131023110015 2013-10-23 11:00:15,049 INFO CRON -  UNLOCKING SAILOR_I (l6AK3ZGwiHIOZazJDuTMxP5lSccY7onGPV7x138v) for bUUKpCb60SOnyiXfDqODMyWNjoQU7dDZmlcMTJ4WeJ8=
131023110017 2013-10-23 11:00:17,880 INFO CRON -  UNLOCKING SAILOR_I (l6AK3ZGwiHIOZazJDuTMxP5lSccY7onGPV7x138v) for EQ/WGeyjzefQH6/4jyIbZyWNjoQU7dDZmlcMTJ4WeJ8=
131023110019 2013-10-23 11:00:19,660 INFO CRON -  UNLOCKING SAILOR_I (l6AK3ZGwiHIOZazJDuTMxP5lSccY7onGPV7x138v) for ZsgipWnDUHpYYHAeo8UrVCWNjoQU7dDZmlcMTJ4WeJ8=
131023110020 2013-10-23 11:00:20,963 INFO CRON -  UNLOCKING SAILOR_I (l6AK3ZGwiHIOZazJDuTMxP5lSccY7onGPV7x138v) for 22UfYmtUfVm+K3CpTR0VICWNjoQU7dDZmlcMTJ4WeJ8=
131023110023 2013-10-23 11:00:23,782 INFO CRON -  UNLOCKING SAILOR_I (l6AK3ZGwiHIOZazJDuTMxP5lSccY7onGPV7x138v) for j5ttF+Aq709mN0NFqSuoaiWNjoQU7dDZmlcMTJ4WeJ8=
131023110024 2013-10-23 11:00:24,176 INFO CRON -  UNLOCKING SAILOR_I (l6AK3ZGwiHIOZazJDuTMxP5lSccY7onGPV7x138v) for WMxwVNAwcZP538XObM14ayWNjoQU7dDZmlcMTJ4WeJ8=
131023110026 2013-10-23 11:00:26,759 INFO CRON -  UNLOCKING SAILOR_I (l6AK3ZGwiHIOZazJDuTMxP5lSccY7onGPV7x138v) for Utt1IYY7XYlaKdl4l4oA9yWNjoQU7dDZmlcMTJ4WeJ8=
131023110027 2013-10-23 11:00:27,564 INFO CRON -  UNLOCKING SAILOR_I (l6AK3ZGwiHIOZazJDuTMxP5lSccY7onGPV7x138v) for jCczjCOIA3ANt1GmCkWAlSWNjoQU7dDZmlcMTJ4WeJ8=
131023110029 2013-10-23 11:00:29,578 INFO CRON -  UNLOCKING SAILOR_I (l6AK3ZGwiHIOZazJDuTMxP5lSccY7onGPV7x138v) for fDln9NODXb0dfj0yY7sQziWNjoQU7dDZmlcMTJ4WeJ8=
131023110031 2013-10-23 11:00:31,238 INFO CRON -  UNLOCKING SAILOR_I (l6AK3ZGwiHIOZazJDuTMxP5lSccY7onGPV7x138v) for KFX70e57qMaP6+2+usSt7CWNjoQU7dDZmlcMTJ4WeJ8=
131023110032 2013-10-23 11:00:32,371 INFO CRON -  UNLOCKING SAILOR_I (l6AK3ZGwiHIOZazJDuTMxP5lSccY7onGPV7x138v) for YMxe00mCRTj5V6/FgRs23yWNjoQU7dDZmlcMTJ4WeJ8=
131023110035 2013-10-23 11:00:35,063 INFO CRON -  UNLOCKING SAILOR_I (l6AK3ZGwiHIOZazJDuTMxP5lSccY7onGPV7x138v) for 17leDCDWGqiZSRiAyS5OqSWNjoQU7dDZmlcMTJ4WeJ8=
131023110035 2013-10-23 11:00:35,196 INFO CRON -  UNLOCKING SAILOR_I (l6AK3ZGwiHIOZazJDuTMxP5lSccY7onGPV7x138v) for xrneF7odR1g5tXHLTHR7vCWNjoQU7dDZmlcMTJ4WeJ8=
131023110038 2013-10-23 11:00:38,114 INFO CRON -  UNLOCKING SAILOR_I (l6AK3ZGwiHIOZazJDuTMxP5lSccY7onGPV7x138v) for dUupH66yzqZYNCRd+qVtRCWNjoQU7dDZmlcMTJ4WeJ8=
131023110040 2013-10-23 11:00:40,027 INFO CRON -  UNLOCKING SAILOR_I (l6AK3ZGwiHIOZazJDuTMxP5lSccY7onGPV7x138v) for /KWeBgzAXi7UZTd46ILqASWNjoQU7dDZmlcMTJ4WeJ8=
131023110040 2013-10-23 11:00:40,977 INFO CRON -  UNLOCKING SAILOR_I (l6AK3ZGwiHIOZazJDuTMxP5lSccY7onGPV7x138v) for ErIjP9BhUJfA43OWZjvO8SWNjoQU7dDZmlcMTJ4WeJ8=
131023110043 2013-10-23 11:00:43,958 INFO CRON -  UNLOCKING SAILOR_I (l6AK3ZGwiHIOZazJDuTMxP5lSccY7onGPV7x138v) for Dzoi+ccNrW4PD7ZSJBqszyWNjoQU7dDZmlcMTJ4WeJ8=
131023110044 2013-10-23 11:00:44,003 INFO CRON -  UNLOCKING SAILOR_I (l6AK3ZGwiHIOZazJDuTMxP5lSccY7onGPV7x138v) for jnqOjPTHs09KcsP/NsbXeiWNjoQU7dDZmlcMTJ4WeJ8=
131023110046 2013-10-23 11:00:46,806 INFO CRON -  UNLOCKING SAILOR_I (l6AK3ZGwiHIOZazJDuTMxP5lSccY7onGPV7x138v) for U7eGpLo3/dMu228kiz62uSWNjoQU7dDZmlcMTJ4WeJ8=
131023110047 2013-10-23 11:00:47,767 INFO CRON -  UNLOCKING SAILOR_I (l6AK3ZGwiHIOZazJDuTMxP5lSccY7onGPV7x138v) for Yy/SRxea65XEs2/PoWV8bCWNjoQU7dDZmlcMTJ4WeJ8=
131023110049 2013-10-23 11:00:49,639 INFO CRON -  UNLOCKING SAILOR_I (l6AK3ZGwiHIOZazJDuTMxP5lSccY7onGPV7x138v) for UEA/zp+ALsfT0dUFsDmy9SWNjoQU7dDZmlcMTJ4WeJ8=
131023110051 2013-10-23 11:00:51,599 INFO CRON -  UNLOCKING SAILOR_I (l6AK3ZGwiHIOZazJDuTMxP5lSccY7onGPV7x138v) for eDpghqEBdtRPgYjXpQhzjiWNjoQU7dDZmlcMTJ4WeJ8=
131023110052 2013-10-23 11:00:52,734 INFO CRON -  UNLOCKING SAILOR_I (l6AK3ZGwiHIOZazJDuTMxP5lSccY7onGPV7x138v) for o5yKJk1mPJG3vlTUhNj0gyWNjoQU7dDZmlcMTJ4WeJ8=
131023110055 2013-10-23 11:00:55,601 INFO CRON -  UNLOCKING SAILOR_I (l6AK3ZGwiHIOZazJDuTMxP5lSccY7onGPV7x138v) for RHzJudJULuzPukIqvbTibCWNjoQU7dDZmlcMTJ4WeJ8=
131023110055 2013-10-23 11:00:55,853 INFO CRON -  UNLOCKING SAILOR_I (l6AK3ZGwiHIOZazJDuTMxP5lSccY7onGPV7x138v) for eSL0wsiH3NxieEtdWBSQOiWNjoQU7dDZmlcMTJ4WeJ8=
131023110058 2013-10-23 11:00:58,679 INFO CRON -  UNLOCKING SAILOR_I (l6AK3ZGwiHIOZazJDuTMxP5lSccY7onGPV7x138v) for T08B67Wmk6L3xsRTDuMenCWNjoQU7dDZmlcMTJ4WeJ8=
131023110059 2013-10-23 11:00:59,550 INFO CRON -  UNLOCKING SAILOR_I (l6AK3ZGwiHIOZazJDuTMxP5lSccY7onGPV7x138v) for S2gnQbMKyIUbEFo/wQVKiCWNjoQU7dDZmlcMTJ4WeJ8=
131023110101 2013-10-23 11:01:01,530 INFO CRON -  UNLOCKING SAILOR_I (l6AK3ZGwiHIOZazJDuTMxP5lSccY7onGPV7x138v) for YroZ2kADp/JT9M4Hr3aV8iWNjoQU7dDZmlcMTJ4WeJ8=
131023110103 2013-10-23 11:01:03,255 INFO CRON -  UNLOCKING SAILOR_I (l6AK3ZGwiHIOZazJDuTMxP5lSccY7onGPV7x138v) for UvnZOo645T31fzSbAig2+yWNjoQU7dDZmlcMTJ4WeJ8=
131023110104 2013-10-23 11:01:04,494 INFO CRON -  UNLOCKING SAILOR_I (l6AK3ZGwiHIOZazJDuTMxP5lSccY7onGPV7x138v) for WjdqYZwkpNoUgVa3klt9fyWNjoQU7dDZmlcMTJ4WeJ8=
131023110107 2013-10-23 11:01:07,245 INFO CRON -  UNLOCKING SAILOR_I (l6AK3ZGwiHIOZazJDuTMxP5lSccY7onGPV7x138v) for vr9N+wLyQsO5isNK9sxrwCWNjoQU7dDZmlcMTJ4WeJ8=
131023110107 2013-10-23 11:01:07,535 INFO CRON -  UNLOCKING SAILOR_I (l6AK3ZGwiHIOZazJDuTMxP5lSccY7onGPV7x138v) for yoQv7YPwhjrNk55vti1fiiWNjoQU7dDZmlcMTJ4WeJ8=
131023110110 2013-10-23 11:01:10,438 INFO CRON -  UNLOCKING SAILOR_I (l6AK3ZGwiHIOZazJDuTMxP5lSccY7onGPV7x138v) for 1YV16Nply4s0XkGfKuGFByWNjoQU7dDZmlcMTJ4WeJ8=
131023110111 2013-10-23 11:01:11,103 INFO CRON -  UNLOCKING SAILOR_I (l6AK3ZGwiHIOZazJDuTMxP5lSccY7onGPV7x138v) for h4toLkiu5HgKwswUvAOFRiWNjoQU7dDZmlcMTJ4WeJ8=
131023110113 2013-10-23 11:01:13,366 INFO CRON -  UNLOCKING SAILOR_I (l6AK3ZGwiHIOZazJDuTMxP5lSccY7onGPV7x138v) for jRFkDa/tBmwZ+Xzhidj8biWNjoQU7dDZmlcMTJ4WeJ8=
131023110115 2013-10-23 11:01:15,431 INFO CRON -  UNLOCKING SAILOR_I (l6AK3ZGwiHIOZazJDuTMxP5lSccY7onGPV7x138v) for ZlGZuSD6kUoYy0905J4gOSWNjoQU7dDZmlcMTJ4WeJ8=
131023110117 2013-10-23 11:01:17,588 INFO CRON -  UNLOCKING SAILOR_I (l6AK3ZGwiHIOZazJDuTMxP5lSccY7onGPV7x138v) for U2i/wGgOdjo5pTKpSCrRSiWNjoQU7dDZmlcMTJ4WeJ8=
131023110121 2013-10-23 11:01:21,128 INFO CRON -  UNLOCKING SAILOR_I (l6AK3ZGwiHIOZazJDuTMxP5lSccY7onGPV7x138v) for cooAqTrRBr1XRWTS5CtSViWNjoQU7dDZmlcMTJ4WeJ8=
131023110122 2013-10-23 11:01:22,083 INFO CRON -  UNLOCKING SAILOR_I (l6AK3ZGwiHIOZazJDuTMxP5lSccY7onGPV7x138v) for Da2PCWhcucebsB+iZtOfTiWNjoQU7dDZmlcMTJ4WeJ8=
131023110125 2013-10-23 11:01:25,986 INFO CRON -  UNLOCKING SAILOR_I (l6AK3ZGwiHIOZazJDuTMxP5lSccY7onGPV7x138v) for PORZ/wnUlqn8KS0yNypwMSWNjoQU7dDZmlcMTJ4WeJ8=
131023110126 2013-10-23 11:01:26,401 INFO CRON -  UNLOCKING SAILOR_I (l6AK3ZGwiHIOZazJDuTMxP5lSccY7onGPV7x138v) for 5aQrUCX//TVCSWKlwtJVkyWNjoQU7dDZmlcMTJ4WeJ8=
131023110129 2013-10-23 11:01:29,559 INFO CRON -  UNLOCKING SAILOR_I (l6AK3ZGwiHIOZazJDuTMxP5lSccY7onGPV7x138v) for mcQt8wuXb9cn6Vn4CMvsgyWNjoQU7dDZmlcMTJ4WeJ8=
131023110129 2013-10-23 11:01:29,690 INFO CRON -  UNLOCKING SAILOR_I (l6AK3ZGwiHIOZazJDuTMxP5lSccY7onGPV7x138v) for Q3DEySmUq2z/FzVf4grvNSWNjoQU7dDZmlcMTJ4WeJ8=
131023110133 2013-10-23 11:01:33,034 INFO CRON -  UNLOCKING SAILOR_I (l6AK3ZGwiHIOZazJDuTMxP5lSccY7onGPV7x138v) for H6+srQlEdIdGtytVDIcn3iWNjoQU7dDZmlcMTJ4WeJ8=
131023110134 2013-10-23 11:01:34,197 INFO CRON -  UNLOCKING SAILOR_I (l6AK3ZGwiHIOZazJDuTMxP5lSccY7onGPV7x138v) for kC5HHYcKq8a5HjpGWgFewCWNjoQU7dDZmlcMTJ4WeJ8=
131023110137 2013-10-23 11:01:37,045 INFO CRON -  UNLOCKING SAILOR_I (l6AK3ZGwiHIOZazJDuTMxP5lSccY7onGPV7x138v) for MX3p1Y9x9jzTN7rlMvmPCyWNjoQU7dDZmlcMTJ4WeJ8=
131023110137 2013-10-23 11:01:37,609 INFO CRON -  UNLOCKING SAILOR_I (l6AK3ZGwiHIOZazJDuTMxP5lSccY7onGPV7x138v) for X8nMh5ahhl6SY+lcn8ptNyWNjoQU7dDZmlcMTJ4WeJ8=
131023110138 2013-10-23 11:01:38,282 INFO CRON -  UNLOCKING SAILOR_I (l6AK3ZGwiHIOZazJDuTMxP5lSccY7onGPV7x138v) for zhnTXh/yA+8We7bCxP659CWNjoQU7dDZmlcMTJ4WeJ8=
131023110141 2013-10-23 11:01:41,103 INFO CRON -  UNLOCKING SAILOR_I (l6AK3ZGwiHIOZazJDuTMxP5lSccY7onGPV7x138v) for 2qRejOTgB75rFfLqygRTgSWNjoQU7dDZmlcMTJ4WeJ8=
131023110141 2013-10-23 11:01:41,189 INFO CRON -  UNLOCKING SAILOR_I (l6AK3ZGwiHIOZazJDuTMxP5lSccY7onGPV7x138v) for 1G6g68M+cQ8BkXDllfNPlyWNjoQU7dDZmlcMTJ4WeJ8=
131023110142 2013-10-23 11:01:42,805 INFO CRON -  UNLOCKING SAILOR_I (l6AK3ZGwiHIOZazJDuTMxP5lSccY7onGPV7x138v) for TnaiXtJl+QvvNKxbjSnRCCWNjoQU7dDZmlcMTJ4WeJ8=
131023110144 2013-10-23 11:01:44,374 INFO CRON -  UNLOCKING SAILOR_I (l6AK3ZGwiHIOZazJDuTMxP5lSccY7onGPV7x138v) for Z7/YYdt6s5B3QtRClwalXyWNjoQU7dDZmlcMTJ4WeJ8=
131023110146 2013-10-23 11:01:46,474 INFO CRON -  UNLOCKING SAILOR_I (l6AK3ZGwiHIOZazJDuTMxP5lSccY7onGPV7x138v) for wRYl1CbzR1IPIc4/xzRRHiWNjoQU7dDZmlcMTJ4WeJ8=
131023110146 2013-10-23 11:01:46,641 INFO CRON -  UNLOCKING SAILOR_I (l6AK3ZGwiHIOZazJDuTMxP5lSccY7onGPV7x138v) for 2mHCsV3lSTRWCalHDTfrLCWNjoQU7dDZmlcMTJ4WeJ8=
131023110148 2013-10-23 11:01:48,762 INFO CRON -  UNLOCKING SAILOR_I (l6AK3ZGwiHIOZazJDuTMxP5lSccY7onGPV7x138v) for YbisADEZ8tSs5S8m496cFyWNjoQU7dDZmlcMTJ4WeJ8=
131023110150 2013-10-23 11:01:50,088 INFO CRON -  UNLOCKING SAILOR_I (l6AK3ZGwiHIOZazJDuTMxP5lSccY7onGPV7x138v) for ZsgipWnDUHpYYHAeo8UrVCWNjoQU7dDZmlcMTJ4WeJ8=
131023110150 2013-10-23 11:01:50,687 INFO CRON -  UNLOCKING SAILOR_I (l6AK3ZGwiHIOZazJDuTMxP5lSccY7onGPV7x138v) for M3Wm7bhW6AWveObVREKgNiWNjoQU7dDZmlcMTJ4WeJ8=
131023110152 2013-10-23 11:01:52,607 INFO CRON -  UNLOCKING SAILOR_I (l6AK3ZGwiHIOZazJDuTMxP5lSccY7onGPV7x138v) for zy7XmuF2WlWkiWNI3lbdFyWNjoQU7dDZmlcMTJ4WeJ8=
131023110153 2013-10-23 11:01:53,943 INFO CRON -  UNLOCKING SAILOR_I (l6AK3ZGwiHIOZazJDuTMxP5lSccY7onGPV7x138v) for WMxwVNAwcZP538XObM14ayWNjoQU7dDZmlcMTJ4WeJ8=
131023110155 2013-10-23 11:01:55,208 INFO CRON -  UNLOCKING SAILOR_I (l6AK3ZGwiHIOZazJDuTMxP5lSccY7onGPV7x138v) for bGitQ3+gxekwg8QFxKdi4CWNjoQU7dDZmlcMTJ4WeJ8=
131023110155 2013-10-23 11:01:55,853 INFO CRON -  UNLOCKING SAILOR_I (l6AK3ZGwiHIOZazJDuTMxP5lSccY7onGPV7x138v) for ENTir99MJ8VJ2ID970nwOyWNjoQU7dDZmlcMTJ4WeJ8=
131023110158 2013-10-23 11:01:58,041 INFO CRON -  UNLOCKING SAILOR_I (l6AK3ZGwiHIOZazJDuTMxP5lSccY7onGPV7x138v) for jCczjCOIA3ANt1GmCkWAlSWNjoQU7dDZmlcMTJ4WeJ8=
131023110158 2013-10-23 11:01:58,897 INFO CRON -  UNLOCKING SAILOR_I (l6AK3ZGwiHIOZazJDuTMxP5lSccY7onGPV7x138v) for zlKVFctNg34VU1vdqfnG9CWNjoQU7dDZmlcMTJ4WeJ8=
131023110158 2013-10-23 11:01:58,934 INFO CRON -  UNLOCKING SAILOR_I (l6AK3ZGwiHIOZazJDuTMxP5lSccY7onGPV7x138v) for es/HPDSZsyAB5Gi1uDarZiWNjoQU7dDZmlcMTJ4WeJ8=
131023110202 2013-10-23 11:02:02,192 INFO CRON -  UNLOCKING SAILOR_I (l6AK3ZGwiHIOZazJDuTMxP5lSccY7onGPV7x138v) for 02U8AFqn0EaQ57oA+rUniyWNjoQU7dDZmlcMTJ4WeJ8=
131023110202 2013-10-23 11:02:02,299 INFO CRON -  UNLOCKING SAILOR_I (l6AK3ZGwiHIOZazJDuTMxP5lSccY7onGPV7x138v) for KFX70e57qMaP6+2+usSt7CWNjoQU7dDZmlcMTJ4WeJ8=
131023110202 2013-10-23 11:02:02,894 INFO CRON -  UNLOCKING SAILOR_I (l6AK3ZGwiHIOZazJDuTMxP5lSccY7onGPV7x138v) for OEc++CJEx2D5948WZvseMiWNjoQU7dDZmlcMTJ4WeJ8=
131023110206 2013-10-23 11:02:06,030 INFO CRON -  UNLOCKING SAILOR_I (l6AK3ZGwiHIOZazJDuTMxP5lSccY7onGPV7x138v) for 17leDCDWGqiZSRiAyS5OqSWNjoQU7dDZmlcMTJ4WeJ8=
131023110206 2013-10-23 11:02:06,278 INFO CRON -  UNLOCKING SAILOR_I (l6AK3ZGwiHIOZazJDuTMxP5lSccY7onGPV7x138v) for e120SMPbIQNmIZqyykfE0SWNjoQU7dDZmlcMTJ4WeJ8=
131023110206 2013-10-23 11:02:06,993 INFO CRON -  UNLOCKING SAILOR_I (l6AK3ZGwiHIOZazJDuTMxP5lSccY7onGPV7x138v) for oGasC8/ww0fLI++h8u46ViWNjoQU7dDZmlcMTJ4WeJ8=
131023110209 2013-10-23 11:02:09,683 INFO CRON -  UNLOCKING SAILOR_I (l6AK3ZGwiHIOZazJDuTMxP5lSccY7onGPV7x138v) for jafQIEnDxSb+Ki8BMWTHZiWNjoQU7dDZmlcMTJ4WeJ8=
131023110209 2013-10-23 11:02:09,857 INFO CRON -  UNLOCKING SAILOR_I (l6AK3ZGwiHIOZazJDuTMxP5lSccY7onGPV7x138v) for /KWeBgzAXi7UZTd46ILqASWNjoQU7dDZmlcMTJ4WeJ8=
131023110210 2013-10-23 11:02:10,959 INFO CRON -  UNLOCKING SAILOR_I (l6AK3ZGwiHIOZazJDuTMxP5lSccY7onGPV7x138v) for SMEjpfDq7veCPSW+C56XKiWNjoQU7dDZmlcMTJ4WeJ8=
131023110213 2013-10-23 11:02:13,651 INFO CRON -  UNLOCKING SAILOR_I (l6AK3ZGwiHIOZazJDuTMxP5lSccY7onGPV7x138v) for Dzoi+ccNrW4PD7ZSJBqszyWNjoQU7dDZmlcMTJ4WeJ8=
131023110213 2013-10-23 11:02:13,936 INFO CRON -  UNLOCKING SAILOR_I (l6AK3ZGwiHIOZazJDuTMxP5lSccY7onGPV7x138v) for RlFp+NdpJeohBk1w3jPnGiWNjoQU7dDZmlcMTJ4WeJ8=
131023110215 2013-10-23 11:02:15,063 INFO CRON -  UNLOCKING SAILOR_I (l6AK3ZGwiHIOZazJDuTMxP5lSccY7onGPV7x138v) for TlfU7+17HLP7kpccNcqLoCWNjoQU7dDZmlcMTJ4WeJ8=
131023110217 2013-10-23 11:02:17,103 INFO CRON -  UNLOCKING SAILOR_I (l6AK3ZGwiHIOZazJDuTMxP5lSccY7onGPV7x138v) for thLUPT7nPgha8tpxzFoDYSWNjoQU7dDZmlcMTJ4WeJ8=
131023110217 2013-10-23 11:02:17,224 INFO CRON -  UNLOCKING SAILOR_I (l6AK3ZGwiHIOZazJDuTMxP5lSccY7onGPV7x138v) for Yy/SRxea65XEs2/PoWV8bCWNjoQU7dDZmlcMTJ4WeJ8=
131023110219 2013-10-23 11:02:19,270 INFO CRON -  UNLOCKING SAILOR_I (l6AK3ZGwiHIOZazJDuTMxP5lSccY7onGPV7x138v) for Foj/opjQN4fsS+5IzzG7cyWNjoQU7dDZmlcMTJ4WeJ8=
131023110220 2013-10-23 11:02:20,481 INFO CRON -  UNLOCKING SAILOR_I (l6AK3ZGwiHIOZazJDuTMxP5lSccY7onGPV7x138v) for WNjHtwEPJcYAtJfeeJc2UiWNjoQU7dDZmlcMTJ4WeJ8=
131023110220 2013-10-23 11:02:20,773 INFO CRON -  UNLOCKING SAILOR_I (l6AK3ZGwiHIOZazJDuTMxP5lSccY7onGPV7x138v) for eDpghqEBdtRPgYjXpQhzjiWNjoQU7dDZmlcMTJ4WeJ8=
131023110223 2013-10-23 11:02:23,436 INFO CRON -  UNLOCKING SAILOR_I (l6AK3ZGwiHIOZazJDuTMxP5lSccY7onGPV7x138v) for OKYIbbkeIgracXIzGZSCXyWNjoQU7dDZmlcMTJ4WeJ8=
131023110224 2013-10-23 11:02:24,480 INFO CRON -  UNLOCKING SAILOR_I (l6AK3ZGwiHIOZazJDuTMxP5lSccY7onGPV7x138v) for 2LNsxAdi2+FyHTHtjm1KFiWNjoQU7dDZmlcMTJ4WeJ8=
131023110224 2013-10-23 11:02:24,538 INFO CRON -  UNLOCKING SAILOR_I (l6AK3ZGwiHIOZazJDuTMxP5lSccY7onGPV7x138v) for RHzJudJULuzPukIqvbTibCWNjoQU7dDZmlcMTJ4WeJ8=
131023110228 2013-10-23 11:02:28,600 INFO CRON -  UNLOCKING SAILOR_I (l6AK3ZGwiHIOZazJDuTMxP5lSccY7onGPV7x138v) for etHv51VZ7oWE/D5KkT8eoyWNjoQU7dDZmlcMTJ4WeJ8=
131023110228 2013-10-23 11:02:28,744 INFO CRON -  UNLOCKING SAILOR_I (l6AK3ZGwiHIOZazJDuTMxP5lSccY7onGPV7x138v) for 4PVcxbHYYj5ISVp/h6qwqSWNjoQU7dDZmlcMTJ4WeJ8=
131023110229 2013-10-23 11:02:29,234 INFO CRON -  UNLOCKING SAILOR_I (l6AK3ZGwiHIOZazJDuTMxP5lSccY7onGPV7x138v) for S2gnQbMKyIUbEFo/wQVKiCWNjoQU7dDZmlcMTJ4WeJ8=
131023110233 2013-10-23 11:02:33,125 INFO CRON -  UNLOCKING SAILOR_I (l6AK3ZGwiHIOZazJDuTMxP5lSccY7onGPV7x138v) for GaDQOfcumd54eqPRShE+9SWNjoQU7dDZmlcMTJ4WeJ8=
131023110233 2013-10-23 11:02:33,171 INFO CRON -  UNLOCKING SAILOR_I (l6AK3ZGwiHIOZazJDuTMxP5lSccY7onGPV7x138v) for e1CgTp14Z28QSxdsZtRmiSWNjoQU7dDZmlcMTJ4WeJ8=
131023110236 2013-10-23 11:02:36,482 INFO CRON -  UNLOCKING SAILOR_I (l6AK3ZGwiHIOZazJDuTMxP5lSccY7onGPV7x138v) for 8qZfo4oVipbkHaEUaAZNxCWNjoQU7dDZmlcMTJ4WeJ8=
131023110237 2013-10-23 11:02:37,372 INFO CRON -  UNLOCKING SAILOR_I (l6AK3ZGwiHIOZazJDuTMxP5lSccY7onGPV7x138v) for XwxRfJSnncl4KC5diPk1ASWNjoQU7dDZmlcMTJ4WeJ8=
131023110239 2013-10-23 11:02:39,954 INFO CRON -  UNLOCKING SAILOR_I (l6AK3ZGwiHIOZazJDuTMxP5lSccY7onGPV7x138v) for pOdFN5QL2t2E2qxYxuNygiWNjoQU7dDZmlcMTJ4WeJ8=
131023110241 2013-10-23 11:02:41,883 INFO CRON -  UNLOCKING SAILOR_I (l6AK3ZGwiHIOZazJDuTMxP5lSccY7onGPV7x138v) for IVoXw1Rl2Wk7lDajJhlbVCWNjoQU7dDZmlcMTJ4WeJ8=
131023110243 2013-10-23 11:02:43,468 INFO CRON -  UNLOCKING SAILOR_I (l6AK3ZGwiHIOZazJDuTMxP5lSccY7onGPV7x138v) for uVTKh3qBjo81BBOjCe9SDSWNjoQU7dDZmlcMTJ4WeJ8=
131023110245 2013-10-23 11:02:45,694 INFO CRON -  UNLOCKING SAILOR_I (l6AK3ZGwiHIOZazJDuTMxP5lSccY7onGPV7x138v) for BEexv+jLJcse1kV9n0xf3iWNjoQU7dDZmlcMTJ4WeJ8=
131023110247 2013-10-23 11:02:47,625 INFO CRON -  UNLOCKING SAILOR_I (l6AK3ZGwiHIOZazJDuTMxP5lSccY7onGPV7x138v) for W6ey64GQ9huaelw/cwge7iWNjoQU7dDZmlcMTJ4WeJ8=
131023110249 2013-10-23 11:02:49,479 INFO CRON -  UNLOCKING SAILOR_I (l6AK3ZGwiHIOZazJDuTMxP5lSccY7onGPV7x138v) for S4TWzACpI3kkSAOWqh6FeCWNjoQU7dDZmlcMTJ4WeJ8=
131023110251 2013-10-23 11:02:51,510 INFO CRON -  UNLOCKING SAILOR_I (l6AK3ZGwiHIOZazJDuTMxP5lSccY7onGPV7x138v) for cwVAlB6NtLEU7xzhzJYmLyWNjoQU7dDZmlcMTJ4WeJ8=
131023110253 2013-10-23 11:02:53,157 INFO CRON -  UNLOCKING SAILOR_I (l6AK3ZGwiHIOZazJDuTMxP5lSccY7onGPV7x138v) for 30ob3zTexwv7LhA/G/sJoiWNjoQU7dDZmlcMTJ4WeJ8=
131023110254 2013-10-23 11:02:54,838 INFO CRON -  UNLOCKING SAILOR_I (l6AK3ZGwiHIOZazJDuTMxP5lSccY7onGPV7x138v) for 21UYHrLVXNOV87IxypRGOSWNjoQU7dDZmlcMTJ4WeJ8=
131023110257 2013-10-23 11:02:57,008 INFO CRON -  UNLOCKING SAILOR_I (l6AK3ZGwiHIOZazJDuTMxP5lSccY7onGPV7x138v) for WA26zJrNjhcExQPKiNhuMyWNjoQU7dDZmlcMTJ4WeJ8=
131023110258 2013-10-23 11:02:58,213 INFO CRON -  UNLOCKING SAILOR_I (l6AK3ZGwiHIOZazJDuTMxP5lSccY7onGPV7x138v) for TL4q8F9PKpaOs24dT7pTcSWNjoQU7dDZmlcMTJ4WeJ8=
131023110301 2013-10-23 11:03:01,036 INFO CRON -  UNLOCKING SAILOR_I (l6AK3ZGwiHIOZazJDuTMxP5lSccY7onGPV7x138v) for tErnLtftP531jl6gFn5RXiWNjoQU7dDZmlcMTJ4WeJ8=
131023110301 2013-10-23 11:03:01,447 INFO CRON -  UNLOCKING SAILOR_I (l6AK3ZGwiHIOZazJDuTMxP5lSccY7onGPV7x138v) for 4PnY0zmcuQmx00G8jV1L3SWNjoQU7dDZmlcMTJ4WeJ8=
131023110305 2013-10-23 11:03:05,069 INFO CRON -  UNLOCKING SAILOR_I (l6AK3ZGwiHIOZazJDuTMxP5lSccY7onGPV7x138v) for aYrHPxN6Ax464rRz/3+ffCWNjoQU7dDZmlcMTJ4WeJ8=
131023110305 2013-10-23 11:03:05,206 INFO CRON -  UNLOCKING SAILOR_I (l6AK3ZGwiHIOZazJDuTMxP5lSccY7onGPV7x138v) for zbe4WmJXejkTn5QziPGsySWNjoQU7dDZmlcMTJ4WeJ8=
131023110309 2013-10-23 11:03:09,349 INFO CRON -  UNLOCKING SAILOR_I (l6AK3ZGwiHIOZazJDuTMxP5lSccY7onGPV7x138v) for vjY/z4H56htromTPmgZOECWNjoQU7dDZmlcMTJ4WeJ8=
131023110309 2013-10-23 11:03:09,579 INFO CRON -  UNLOCKING SAILOR_I (l6AK3ZGwiHIOZazJDuTMxP5lSccY7onGPV7x138v) for DrtupxyT+zkae6sC1I5aGiWNjoQU7dDZmlcMTJ4WeJ8=
131023110313 2013-10-23 11:03:13,038 INFO CRON -  UNLOCKING SAILOR_I (l6AK3ZGwiHIOZazJDuTMxP5lSccY7onGPV7x138v) for ZpNN894xSZYfCpL4Qu8OLSWNjoQU7dDZmlcMTJ4WeJ8=
131023110313 2013-10-23 11:03:13,159 INFO CRON -  UNLOCKING SAILOR_I (l6AK3ZGwiHIOZazJDuTMxP5lSccY7onGPV7x138v) for bXs382FMeyD2Mf0voIXGsSWNjoQU7dDZmlcMTJ4WeJ8=
131023110316 2013-10-23 11:03:16,710 INFO CRON -  UNLOCKING SAILOR_I (l6AK3ZGwiHIOZazJDuTMxP5lSccY7onGPV7x138v) for pKvlPevPU4wnf3+XQy/M6CWNjoQU7dDZmlcMTJ4WeJ8=
131023110316 2013-10-23 11:03:16,802 INFO CRON -  UNLOCKING SAILOR_I (l6AK3ZGwiHIOZazJDuTMxP5lSccY7onGPV7x138v) for 6MxvJrSTwdNe0AUPBXnaniWNjoQU7dDZmlcMTJ4WeJ8=
131023110320 2013-10-23 11:03:20,231 INFO CRON -  UNLOCKING SAILOR_I (l6AK3ZGwiHIOZazJDuTMxP5lSccY7onGPV7x138v) for d3i7QcuyUBzoICXuT3t+PSWNjoQU7dDZmlcMTJ4WeJ8=
131023110320 2013-10-23 11:03:20,600 INFO CRON -  UNLOCKING SAILOR_I (l6AK3ZGwiHIOZazJDuTMxP5lSccY7onGPV7x138v) for a/FVCUexAFTblVT2XFPRbiWNjoQU7dDZmlcMTJ4WeJ8=
131023110323 2013-10-23 11:03:23,574 INFO CRON -  UNLOCKING SAILOR_I (l6AK3ZGwiHIOZazJDuTMxP5lSccY7onGPV7x138v) for DnQqPtCl8olJqfhqGe+ksCWNjoQU7dDZmlcMTJ4WeJ8=
131023110324 2013-10-23 11:03:24,362 INFO CRON -  UNLOCKING SAILOR_I (l6AK3ZGwiHIOZazJDuTMxP5lSccY7onGPV7x138v) for 8IfgiiwF9K9EaInpGSH7kiWNjoQU7dDZmlcMTJ4WeJ8=
131023110326 2013-10-23 11:03:26,664 INFO CRON -  UNLOCKING SAILOR_I (l6AK3ZGwiHIOZazJDuTMxP5lSccY7onGPV7x138v) for jQ01Ynto4uAQaQbl+fYJAiWNjoQU7dDZmlcMTJ4WeJ8=
131023110330 2013-10-23 11:03:30,005 INFO CRON -  UNLOCKING SAILOR_I (l6AK3ZGwiHIOZazJDuTMxP5lSccY7onGPV7x138v) for 6X3I2yFZNWXas8nacNZOMSWNjoQU7dDZmlcMTJ4WeJ8=
131023110330 2013-10-23 11:03:30,958 INFO CRON -  UNLOCKING SAILOR_I (l6AK3ZGwiHIOZazJDuTMxP5lSccY7onGPV7x138v) for bUUKpCb60SOnyiXfDqODMyWNjoQU7dDZmlcMTJ4WeJ8=
131023110333 2013-10-23 11:03:33,285 INFO CRON -  UNLOCKING SAILOR_I (l6AK3ZGwiHIOZazJDuTMxP5lSccY7onGPV7x138v) for G3ATE7exvDl8que3+8nCNiWNjoQU7dDZmlcMTJ4WeJ8=
131023110335 2013-10-23 11:03:35,306 INFO CRON -  UNLOCKING SAILOR_I (l6AK3ZGwiHIOZazJDuTMxP5lSccY7onGPV7x138v) for EQ/WGeyjzefQH6/4jyIbZyWNjoQU7dDZmlcMTJ4WeJ8=
131023110337 2013-10-23 11:03:37,286 INFO CRON -  UNLOCKING SAILOR_I (l6AK3ZGwiHIOZazJDuTMxP5lSccY7onGPV7x138v) for UxQr6TO18LFkvUex7U6oyyWNjoQU7dDZmlcMTJ4WeJ8=
131023110339 2013-10-23 11:03:39,862 INFO CRON -  UNLOCKING SAILOR_I (l6AK3ZGwiHIOZazJDuTMxP5lSccY7onGPV7x138v) for 22UfYmtUfVm+K3CpTR0VICWNjoQU7dDZmlcMTJ4WeJ8=
131023110340 2013-10-23 11:03:40,625 INFO CRON -  UNLOCKING SAILOR_I (l6AK3ZGwiHIOZazJDuTMxP5lSccY7onGPV7x138v) for 7HjF19QDVTJBMp4+W8WR2SWNjoQU7dDZmlcMTJ4WeJ8=
131023110343 2013-10-23 11:03:43,590 INFO CRON -  UNLOCKING SAILOR_I (l6AK3ZGwiHIOZazJDuTMxP5lSccY7onGPV7x138v) for j5ttF+Aq709mN0NFqSuoaiWNjoQU7dDZmlcMTJ4WeJ8=
131023110344 2013-10-23 11:03:44,054 INFO CRON -  UNLOCKING SAILOR_I (l6AK3ZGwiHIOZazJDuTMxP5lSccY7onGPV7x138v) for zYaiUCV0nmgffhC317jaQyWNjoQU7dDZmlcMTJ4WeJ8=
131023110347 2013-10-23 11:03:47,588 INFO CRON -  UNLOCKING SAILOR_I (l6AK3ZGwiHIOZazJDuTMxP5lSccY7onGPV7x138v) for Pn9TxL1xhFUHaes305IHNCWNjoQU7dDZmlcMTJ4WeJ8=
131023110348 2013-10-23 11:03:48,041 INFO CRON -  UNLOCKING SAILOR_I (l6AK3ZGwiHIOZazJDuTMxP5lSccY7onGPV7x138v) for Utt1IYY7XYlaKdl4l4oA9yWNjoQU7dDZmlcMTJ4WeJ8=
131023110350 2013-10-23 11:03:50,983 INFO CRON -  UNLOCKING SAILOR_I (l6AK3ZGwiHIOZazJDuTMxP5lSccY7onGPV7x138v) for yiA8ADguqvZO6JVDEhD0RCWNjoQU7dDZmlcMTJ4WeJ8=
131023110351 2013-10-23 11:03:51,860 INFO CRON -  UNLOCKING SAILOR_I (l6AK3ZGwiHIOZazJDuTMxP5lSccY7onGPV7x138v) for fDln9NODXb0dfj0yY7sQziWNjoQU7dDZmlcMTJ4WeJ8=
131023110354 2013-10-23 11:03:54,925 INFO CRON -  UNLOCKING SAILOR_I (l6AK3ZGwiHIOZazJDuTMxP5lSccY7onGPV7x138v) for /VQxz4KuENYSzOVf7mpnQCWNjoQU7dDZmlcMTJ4WeJ8=
131023110355 2013-10-23 11:03:55,857 INFO CRON -  UNLOCKING SAILOR_I (l6AK3ZGwiHIOZazJDuTMxP5lSccY7onGPV7x138v) for YMxe00mCRTj5V6/FgRs23yWNjoQU7dDZmlcMTJ4WeJ8=
131023110358 2013-10-23 11:03:58,228 INFO CRON -  UNLOCKING SAILOR_I (l6AK3ZGwiHIOZazJDuTMxP5lSccY7onGPV7x138v) for trPAzHrlikrndFc6ew8ibiWNjoQU7dDZmlcMTJ4WeJ8=
131023110359 2013-10-23 11:03:59,930 INFO CRON -  UNLOCKING SAILOR_I (l6AK3ZGwiHIOZazJDuTMxP5lSccY7onGPV7x138v) for xrneF7odR1g5tXHLTHR7vCWNjoQU7dDZmlcMTJ4WeJ8=
131023110402 2013-10-23 11:04:02,321 INFO CRON -  UNLOCKING SAILOR_I (l6AK3ZGwiHIOZazJDuTMxP5lSccY7onGPV7x138v) for RpkbDQL8bpuCnA/6Z1SsxSWNjoQU7dDZmlcMTJ4WeJ8=
131023110403 2013-10-23 11:04:03,828 INFO CRON -  UNLOCKING SAILOR_I (l6AK3ZGwiHIOZazJDuTMxP5lSccY7onGPV7x138v) for dUupH66yzqZYNCRd+qVtRCWNjoQU7dDZmlcMTJ4WeJ8=
131023110405 2013-10-23 11:04:05,659 INFO CRON -  UNLOCKING SAILOR_I (l6AK3ZGwiHIOZazJDuTMxP5lSccY7onGPV7x138v) for R90H9R+pSoZELhaALO38HSWNjoQU7dDZmlcMTJ4WeJ8=
131023110407 2013-10-23 11:04:07,850 INFO CRON -  UNLOCKING SAILOR_I (l6AK3ZGwiHIOZazJDuTMxP5lSccY7onGPV7x138v) for ErIjP9BhUJfA43OWZjvO8SWNjoQU7dDZmlcMTJ4WeJ8=
131023110408 2013-10-23 11:04:08,934 INFO CRON -  UNLOCKING SAILOR_I (l6AK3ZGwiHIOZazJDuTMxP5lSccY7onGPV7x138v) for ZtIur7lWyubtcPslxIpAriWNjoQU7dDZmlcMTJ4WeJ8=
131023110412 2013-10-23 11:04:12,574 INFO CRON -  UNLOCKING SAILOR_I (l6AK3ZGwiHIOZazJDuTMxP5lSccY7onGPV7x138v) for Q/QAEKtoiHW3hFzQPVjpbCWNjoQU7dDZmlcMTJ4WeJ8=
131023110413 2013-10-23 11:04:13,150 INFO CRON -  UNLOCKING SAILOR_I (l6AK3ZGwiHIOZazJDuTMxP5lSccY7onGPV7x138v) for jnqOjPTHs09KcsP/NsbXeiWNjoQU7dDZmlcMTJ4WeJ8=
131023110415 2013-10-23 11:04:15,918 INFO CRON -  UNLOCKING SAILOR_I (l6AK3ZGwiHIOZazJDuTMxP5lSccY7onGPV7x138v) for Hua4ARYqq5aC+IjTrL3N6SWNjoQU7dDZmlcMTJ4WeJ8=
131023110416 2013-10-23 11:04:16,938 INFO CRON -  UNLOCKING SAILOR_I (l6AK3ZGwiHIOZazJDuTMxP5lSccY7onGPV7x138v) for U7eGpLo3/dMu228kiz62uSWNjoQU7dDZmlcMTJ4WeJ8=
131023110419 2013-10-23 11:04:19,689 INFO CRON -  UNLOCKING SAILOR_I (l6AK3ZGwiHIOZazJDuTMxP5lSccY7onGPV7x138v) for 3v/zKDSD2/DydSgqQ1uWbCWNjoQU7dDZmlcMTJ4WeJ8=
131023110420 2013-10-23 11:04:20,557 INFO CRON -  UNLOCKING SAILOR_I (l6AK3ZGwiHIOZazJDuTMxP5lSccY7onGPV7x138v) for UEA/zp+ALsfT0dUFsDmy9SWNjoQU7dDZmlcMTJ4WeJ8=
131023110423 2013-10-23 11:04:23,404 INFO CRON -  UNLOCKING SAILOR_I (l6AK3ZGwiHIOZazJDuTMxP5lSccY7onGPV7x138v) for LzK7sJP1GCu2Lrnu8mcGOiWNjoQU7dDZmlcMTJ4WeJ8=
131023110424 2013-10-23 11:04:24,947 INFO CRON -  UNLOCKING SAILOR_I (l6AK3ZGwiHIOZazJDuTMxP5lSccY7onGPV7x138v) for o5yKJk1mPJG3vlTUhNj0gyWNjoQU7dDZmlcMTJ4WeJ8=
131023110426 2013-10-23 11:04:26,962 INFO CRON -  UNLOCKING SAILOR_I (l6AK3ZGwiHIOZazJDuTMxP5lSccY7onGPV7x138v) for 1NXH9ftQLUfXK5F5VWZQDSWNjoQU7dDZmlcMTJ4WeJ8=
131023110429 2013-10-23 11:04:29,422 INFO CRON -  UNLOCKING SAILOR_I (l6AK3ZGwiHIOZazJDuTMxP5lSccY7onGPV7x138v) for eSL0wsiH3NxieEtdWBSQOiWNjoQU7dDZmlcMTJ4WeJ8=
131023110430 2013-10-23 11:04:30,053 INFO CRON -  UNLOCKING SAILOR_I (l6AK3ZGwiHIOZazJDuTMxP5lSccY7onGPV7x138v) for PQ1YDuzWL7VAhqOwUoiIlSWNjoQU7dDZmlcMTJ4WeJ8=
131023110433 2013-10-23 11:04:33,292 INFO CRON -  UNLOCKING SAILOR_I (l6AK3ZGwiHIOZazJDuTMxP5lSccY7onGPV7x138v) for T08B67Wmk6L3xsRTDuMenCWNjoQU7dDZmlcMTJ4WeJ8=
131023110433 2013-10-23 11:04:33,299 INFO CRON -  UNLOCKING SAILOR_I (l6AK3ZGwiHIOZazJDuTMxP5lSccY7onGPV7x138v) for lmxKF4SaPkqtzV4Y2vkmxyWNjoQU7dDZmlcMTJ4WeJ8=
131023110436 2013-10-23 11:04:36,799 INFO CRON -  UNLOCKING SAILOR_I (l6AK3ZGwiHIOZazJDuTMxP5lSccY7onGPV7x138v) for Pmwfr+QaUz0uv3ONzAU8wyWNjoQU7dDZmlcMTJ4WeJ8=
131023110439 2013-10-23 11:04:39,844 INFO CRON -  UNLOCKING SAILOR_I (l6AK3ZGwiHIOZazJDuTMxP5lSccY7onGPV7x138v) for mH5FrnCQlxzbPsPndrsIdyWNjoQU7dDZmlcMTJ4WeJ8=
131023110443 2013-10-23 11:04:43,446 INFO CRON -  UNLOCKING SAILOR_I (l6AK3ZGwiHIOZazJDuTMxP5lSccY7onGPV7x138v) for jhQmEfeeORN8wfwhDTHg8CWNjoQU7dDZmlcMTJ4WeJ8=
131023110446 2013-10-23 11:04:46,837 INFO CRON -  UNLOCKING SAILOR_I (l6AK3ZGwiHIOZazJDuTMxP5lSccY7onGPV7x138v) for n8iknu/LQWd80r5zmVnSvyWNjoQU7dDZmlcMTJ4WeJ8=
131023110449 2013-10-23 11:04:49,905 INFO CRON -  UNLOCKING SAILOR_I (l6AK3ZGwiHIOZazJDuTMxP5lSccY7onGPV7x138v) for 2ZxN+FlYQCRE4A8srfR72yWNjoQU7dDZmlcMTJ4WeJ8=
131023110453 2013-10-23 11:04:53,065 INFO CRON -  UNLOCKING SAILOR_I (l6AK3ZGwiHIOZazJDuTMxP5lSccY7onGPV7x138v) for Kaqb9lCA3dCFXEUhwfSvbyWNjoQU7dDZmlcMTJ4WeJ8=
131023110456 2013-10-23 11:04:56,046 INFO CRON -  UNLOCKING SAILOR_I (l6AK3ZGwiHIOZazJDuTMxP5lSccY7onGPV7x138v) for rYo/7Q6FooE8icrroezdRCWNjoQU7dDZmlcMTJ4WeJ8=
131023110459 2013-10-23 11:04:59,091 INFO CRON -  UNLOCKING SAILOR_I (l6AK3ZGwiHIOZazJDuTMxP5lSccY7onGPV7x138v) for LXyW0DFfXVZDH+khyPf9TSWNjoQU7dDZmlcMTJ4WeJ8=
131023110502 2013-10-23 11:05:02,263 INFO CRON -  UNLOCKING SAILOR_I (l6AK3ZGwiHIOZazJDuTMxP5lSccY7onGPV7x138v) for y4AhaclBFrwamRVO+SQKhyWNjoQU7dDZmlcMTJ4WeJ8=
131023110505 2013-10-23 11:05:05,202 INFO CRON -  UNLOCKING SAILOR_I (l6AK3ZGwiHIOZazJDuTMxP5lSccY7onGPV7x138v) for yUzdBLXH0msNt6x5xnu0iCWNjoQU7dDZmlcMTJ4WeJ8=
131023110508 2013-10-23 11:05:08,127 INFO CRON -  UNLOCKING SAILOR_I (l6AK3ZGwiHIOZazJDuTMxP5lSccY7onGPV7x138v) for a7fAXNsSu7UCl9kx73ZI7CWNjoQU7dDZmlcMTJ4WeJ8=
131023110511 2013-10-23 11:05:11,453 INFO CRON -  UNLOCKING SAILOR_I (l6AK3ZGwiHIOZazJDuTMxP5lSccY7onGPV7x138v) for CT8xuZ1ZSPcsGPmovd+WBSWNjoQU7dDZmlcMTJ4WeJ8=
131023110514 2013-10-23 11:05:14,605 INFO CRON -  UNLOCKING SAILOR_I (l6AK3ZGwiHIOZazJDuTMxP5lSccY7onGPV7x138v) for MeNKT6x1nv/VyCHXU2o+uCWNjoQU7dDZmlcMTJ4WeJ8=
131023110518 2013-10-23 11:05:18,149 INFO CRON -  UNLOCKING SAILOR_I (l6AK3ZGwiHIOZazJDuTMxP5lSccY7onGPV7x138v) for wAAaDhOoK5Kl2MGQ2sQ5CyWNjoQU7dDZmlcMTJ4WeJ8=
131023110521 2013-10-23 11:05:21,057 INFO CRON -  UNLOCKING SAILOR_I (l6AK3ZGwiHIOZazJDuTMxP5lSccY7onGPV7x138v) for szle9KBavXgMqFnjyH+A8SWNjoQU7dDZmlcMTJ4WeJ8=
131023110524 2013-10-23 11:05:24,454 INFO CRON -  UNLOCKING SAILOR_I (l6AK3ZGwiHIOZazJDuTMxP5lSccY7onGPV7x138v) for 8jfpiv+KZl8A2GKDxcM9JCWNjoQU7dDZmlcMTJ4WeJ8=
131023110527 2013-10-23 11:05:27,420 INFO CRON -  UNLOCKING SAILOR_I (l6AK3ZGwiHIOZazJDuTMxP5lSccY7onGPV7x138v) for 3gr96B+GtU0AN5pIbvfhNyWNjoQU7dDZmlcMTJ4WeJ8=
131023110531 2013-10-23 11:05:31,061 INFO CRON -  UNLOCKING SAILOR_I (l6AK3ZGwiHIOZazJDuTMxP5lSccY7onGPV7x138v) for GPXXp8w8KOLABZJyba/JVyWNjoQU7dDZmlcMTJ4WeJ8=
131023110534 2013-10-23 11:05:34,373 INFO CRON -  UNLOCKING SAILOR_I (l6AK3ZGwiHIOZazJDuTMxP5lSccY7onGPV7x138v) for rzLUP7E9wiw9ts9fOI39MyWNjoQU7dDZmlcMTJ4WeJ8=
131023110537 2013-10-23 11:05:37,639 INFO CRON -  UNLOCKING SAILOR_I (l6AK3ZGwiHIOZazJDuTMxP5lSccY7onGPV7x138v) for jSAqdGHOmAezRy+8r66tmSWNjoQU7dDZmlcMTJ4WeJ8=
131023110541 2013-10-23 11:05:41,312 INFO CRON -  UNLOCKING SAILOR_I (l6AK3ZGwiHIOZazJDuTMxP5lSccY7onGPV7x138v) for eVHmVCcNVttC6OZ+4Q+kJyWNjoQU7dDZmlcMTJ4WeJ8=
131023110544 2013-10-23 11:05:44,943 INFO CRON -  UNLOCKING SAILOR_I (l6AK3ZGwiHIOZazJDuTMxP5lSccY7onGPV7x138v) for Qthlc55+NV/Gu0wlGyFmMSWNjoQU7dDZmlcMTJ4WeJ8=
131023110548 2013-10-23 11:05:48,021 INFO CRON -  UNLOCKING SAILOR_I (l6AK3ZGwiHIOZazJDuTMxP5lSccY7onGPV7x138v) for W3TZ7mRpuZYsxalLI8hO1SWNjoQU7dDZmlcMTJ4WeJ8=
131023110551 2013-10-23 11:05:51,242 INFO CRON -  UNLOCKING SAILOR_I (l6AK3ZGwiHIOZazJDuTMxP5lSccY7onGPV7x138v) for W1at35gY2cWx+0tEgZHQDCWNjoQU7dDZmlcMTJ4WeJ8=
131023110554 2013-10-23 11:05:54,606 INFO CRON -  UNLOCKING SAILOR_I (l6AK3ZGwiHIOZazJDuTMxP5lSccY7onGPV7x138v) for 4fEsDuZdsECX5O5N3/hqWSWNjoQU7dDZmlcMTJ4WeJ8=
131023110558 2013-10-23 11:05:58,040 INFO CRON -  UNLOCKING SAILOR_I (l6AK3ZGwiHIOZazJDuTMxP5lSccY7onGPV7x138v) for P7DQwCKX53lK8qd+K7NhbSWNjoQU7dDZmlcMTJ4WeJ8=
131023110601 2013-10-23 11:06:01,134 INFO CRON -  UNLOCKING SAILOR_I (l6AK3ZGwiHIOZazJDuTMxP5lSccY7onGPV7x138v) for HWjlvnUKusEcB7TsnaZElSWNjoQU7dDZmlcMTJ4WeJ8=
131023110604 2013-10-23 11:06:04,437 INFO CRON -  UNLOCKING SAILOR_I (l6AK3ZGwiHIOZazJDuTMxP5lSccY7onGPV7x138v) for yFuagGTaW18wDzG3R4aXuyWNjoQU7dDZmlcMTJ4WeJ8=
131023110607 2013-10-23 11:06:07,495 INFO CRON -  UNLOCKING SAILOR_I (l6AK3ZGwiHIOZazJDuTMxP5lSccY7onGPV7x138v) for 24G/2fnuoyCCeMgUM5zPTCWNjoQU7dDZmlcMTJ4WeJ8=
131023110610 2013-10-23 11:06:10,542 INFO CRON -  UNLOCKING SAILOR_I (l6AK3ZGwiHIOZazJDuTMxP5lSccY7onGPV7x138v) for jlFSep2CKdWbOZ5twA24/SWNjoQU7dDZmlcMTJ4WeJ8=
131023110613 2013-10-23 11:06:13,873 INFO CRON -  UNLOCKING SAILOR_I (l6AK3ZGwiHIOZazJDuTMxP5lSccY7onGPV7x138v) for CpZx1vDpB8vsjAqwKYSWOiWNjoQU7dDZmlcMTJ4WeJ8=
131023110617 2013-10-23 11:06:17,218 INFO CRON -  UNLOCKING SAILOR_I (l6AK3ZGwiHIOZazJDuTMxP5lSccY7onGPV7x138v) for 06dxj1yt1TBs4AvzFeQN2CWNjoQU7dDZmlcMTJ4WeJ8=
131023110620 2013-10-23 11:06:20,461 INFO CRON -  UNLOCKING SAILOR_I (l6AK3ZGwiHIOZazJDuTMxP5lSccY7onGPV7x138v) for hbafl8sHs8nLD9udkbmQ5CWNjoQU7dDZmlcMTJ4WeJ8=
131023110623 2013-10-23 11:06:23,588 INFO CRON -  UNLOCKING SAILOR_I (l6AK3ZGwiHIOZazJDuTMxP5lSccY7onGPV7x138v) for 1DPpJrmUz2tNa+TFv32XcSWNjoQU7dDZmlcMTJ4WeJ8=
131023110626 2013-10-23 11:06:26,528 INFO CRON -  UNLOCKING SAILOR_I (l6AK3ZGwiHIOZazJDuTMxP5lSccY7onGPV7x138v) for 8Acer3cx2bNTe16B6TEo1iWNjoQU7dDZmlcMTJ4WeJ8=
131023110629 2013-10-23 11:06:29,736 INFO CRON -  UNLOCKING SAILOR_I (l6AK3ZGwiHIOZazJDuTMxP5lSccY7onGPV7x138v) for ptT96LuwNMijh/fQkXRetyWNjoQU7dDZmlcMTJ4WeJ8=
131023110632 2013-10-23 11:06:32,901 INFO CRON -  UNLOCKING SAILOR_I (l6AK3ZGwiHIOZazJDuTMxP5lSccY7onGPV7x138v) for d9cVmDMUvHmVUOe3Ep0PcCWNjoQU7dDZmlcMTJ4WeJ8=
131023110635 2013-10-23 11:06:35,860 INFO CRON -  UNLOCKING SAILOR_I (l6AK3ZGwiHIOZazJDuTMxP5lSccY7onGPV7x138v) for OXq5Qd99QUFqxps1DYiB5CWNjoQU7dDZmlcMTJ4WeJ8=
131023110638 2013-10-23 11:06:38,876 INFO CRON -  UNLOCKING SAILOR_I (l6AK3ZGwiHIOZazJDuTMxP5lSccY7onGPV7x138v) for XWPk8m6CvPUMr5vrkr/cDyWNjoQU7dDZmlcMTJ4WeJ8=
131023110642 2013-10-23 11:06:42,140 INFO CRON -  UNLOCKING SAILOR_I (l6AK3ZGwiHIOZazJDuTMxP5lSccY7onGPV7x138v) for doe26rLhApb0lKM2w0YOdSWNjoQU7dDZmlcMTJ4WeJ8=
131023110645 2013-10-23 11:06:45,620 INFO CRON -  UNLOCKING SAILOR_I (l6AK3ZGwiHIOZazJDuTMxP5lSccY7onGPV7x138v) for 6dHyDxPmZnNltUI6NOgqeiWNjoQU7dDZmlcMTJ4WeJ8=
